0 info it worked if it ends with ok
1 verbose cli [ '/usr/local/bin/node',
1 verbose cli   '/usr/local/bin/npm',
1 verbose cli   'install',
1 verbose cli   '-g',
1 verbose cli   'live-server' ]
2 info using npm@2.14.7
3 info using node@v4.2.3
4 verbose install initial load of /usr/local/lib/package.json
5 verbose readDependencies loading dependencies from /usr/local/lib/package.json
6 silly cache add args [ 'live-server', null ]
7 verbose cache add spec live-server
8 silly cache add parsed spec Result {
8 silly cache add   raw: 'live-server',
8 silly cache add   scope: null,
8 silly cache add   name: 'live-server',
8 silly cache add   rawSpec: '',
8 silly cache add   spec: '*',
8 silly cache add   type: 'range' }
9 silly addNamed live-server@*
10 verbose addNamed "*" is a valid semver range for live-server
11 silly addNameRange { name: 'live-server', range: '*', hasData: false }
12 silly mapToRegistry name live-server
13 silly mapToRegistry using default registry
14 silly mapToRegistry registry https://registry.npmjs.org/
15 silly mapToRegistry uri https://registry.npmjs.org/live-server
16 verbose addNameRange registry:https://registry.npmjs.org/live-server not in flight; fetching
17 verbose request uri https://registry.npmjs.org/live-server
18 verbose request no auth needed
19 info attempt registry request try #1 at 3:35:04 PM
20 verbose request id 72dd82cf4ca8064b
21 http request GET https://registry.npmjs.org/live-server
22 http 200 https://registry.npmjs.org/live-server
23 verbose headers { server: 'CouchDB/1.5.0 (Erlang OTP/R16B03)',
23 verbose headers   etag: '"4MRIYJ64G7ZHV0VCCSNY01G6C"',
23 verbose headers   'content-type': 'application/json',
23 verbose headers   'cache-control': 'max-age=300',
23 verbose headers   'content-length': '28192',
23 verbose headers   'accept-ranges': 'bytes',
23 verbose headers   date: 'Mon, 14 Dec 2015 23:35:05 GMT',
23 verbose headers   via: '1.1 varnish',
23 verbose headers   age: '0',
23 verbose headers   connection: 'keep-alive',
23 verbose headers   'x-served-by': 'cache-dfw1826-DFW',
23 verbose headers   'x-cache': 'HIT',
23 verbose headers   'x-cache-hits': '1',
23 verbose headers   'x-timer': 'S1450136105.635754,VS0,VE65',
23 verbose headers   vary: 'Accept' }
24 silly get cb [ 200,
24 silly get   { server: 'CouchDB/1.5.0 (Erlang OTP/R16B03)',
24 silly get     etag: '"4MRIYJ64G7ZHV0VCCSNY01G6C"',
24 silly get     'content-type': 'application/json',
24 silly get     'cache-control': 'max-age=300',
24 silly get     'content-length': '28192',
24 silly get     'accept-ranges': 'bytes',
24 silly get     date: 'Mon, 14 Dec 2015 23:35:05 GMT',
24 silly get     via: '1.1 varnish',
24 silly get     age: '0',
24 silly get     connection: 'keep-alive',
24 silly get     'x-served-by': 'cache-dfw1826-DFW',
24 silly get     'x-cache': 'HIT',
24 silly get     'x-cache-hits': '1',
24 silly get     'x-timer': 'S1450136105.635754,VS0,VE65',
24 silly get     vary: 'Accept' } ]
25 verbose get saving live-server to /People/yvesb/.npm/registry.npmjs.org/live-server/.cache.json
26 silly addNameRange number 2 { name: 'live-server', range: '*', hasData: true }
27 silly addNameRange versions [ 'live-server',
27 silly addNameRange   [ '0.1.0',
27 silly addNameRange     '0.1.1',
27 silly addNameRange     '0.2.0',
27 silly addNameRange     '0.3.0',
27 silly addNameRange     '0.4.0',
27 silly addNameRange     '0.5.0',
27 silly addNameRange     '0.6.0',
27 silly addNameRange     '0.6.1',
27 silly addNameRange     '0.6.2',
27 silly addNameRange     '0.6.3',
27 silly addNameRange     '0.6.4',
27 silly addNameRange     '0.7.0',
27 silly addNameRange     '0.7.1',
27 silly addNameRange     '0.8.0',
27 silly addNameRange     '0.8.1',
27 silly addNameRange     '0.8.2',
27 silly addNameRange     '0.9.0' ] ]
28 silly addNamed live-server@0.9.0
29 verbose addNamed "0.9.0" is a plain semver version for live-server
30 silly mapToRegistry name live-server
31 silly mapToRegistry using default registry
32 silly mapToRegistry registry https://registry.npmjs.org/
33 silly mapToRegistry uri https://registry.npmjs.org/live-server
34 verbose addRemoteTarball https://registry.npmjs.org/live-server/-/live-server-0.9.0.tgz not in flight; adding
35 verbose addRemoteTarball [ 'https://registry.npmjs.org/live-server/-/live-server-0.9.0.tgz',
35 verbose addRemoteTarball   'a85d972cf69d3244355b9d5aefe8ff2af0127d7f' ]
36 info retry fetch attempt 1 at 3:35:05 PM
37 info attempt registry request try #1 at 3:35:05 PM
38 http fetch GET https://registry.npmjs.org/live-server/-/live-server-0.9.0.tgz
39 http fetch 200 https://registry.npmjs.org/live-server/-/live-server-0.9.0.tgz
40 silly fetchAndShaCheck shasum a85d972cf69d3244355b9d5aefe8ff2af0127d7f
41 verbose addTmpTarball /var/folders/2m/03g84qfx3qd6y8ncy4k1s3x4002pv3/T/npm-9766-a9ebd999/registry.npmjs.org/live-server/-/live-server-0.9.0.tgz not in flight; adding
42 verbose addTmpTarball already have metadata; skipping unpack for live-server@0.9.0
43 silly cache afterAdd live-server@0.9.0
44 verbose afterAdd /People/yvesb/.npm/live-server/0.9.0/package/package.json not in flight; writing
45 verbose afterAdd /People/yvesb/.npm/live-server/0.9.0/package/package.json written
46 silly install resolved [ { name: 'live-server',
46 silly install resolved     version: '0.9.0',
46 silly install resolved     description: 'simple development http server with live reload capability',
46 silly install resolved     keywords: [ 'front-end', 'development', 'tool', 'server', 'http', 'cli' ],
46 silly install resolved     author: { name: 'Tapio Vierros' },
46 silly install resolved     dependencies:
46 silly install resolved      { colors: 'latest',
46 silly install resolved        connect: '2.x.x',
46 silly install resolved        'event-stream': 'latest',
46 silly install resolved        'faye-websocket': '0.9.x',
46 silly install resolved        'object-assign': '^2.0.0',
46 silly install resolved        opn: 'latest',
46 silly install resolved        send: 'latest',
46 silly install resolved        watchr: '2.3.x' },
46 silly install resolved     devDependencies: { mocha: '^2.3.3', supertest: '1.0.1' },
46 silly install resolved     scripts: { test: 'mocha test', lint: 'jshint *.js; eslint *.js' },
46 silly install resolved     bin: { 'live-server': './live-server.js' },
46 silly install resolved     repository: { type: 'git', url: 'https://github.com/tapio/live-server.git' },
46 silly install resolved     engines: { node: '>=0.8.0' },
46 silly install resolved     preferGlobal: true,
46 silly install resolved     license: 'MIT',
46 silly install resolved     eslintConfig: { env: [Object], rules: [Object] },
46 silly install resolved     gitHead: '5da7536b0002be55b29a5cfa64047714273a6529',
46 silly install resolved     bugs: { url: 'https://github.com/tapio/live-server/issues' },
46 silly install resolved     _id: 'live-server@0.9.0',
46 silly install resolved     _shasum: 'a85d972cf69d3244355b9d5aefe8ff2af0127d7f',
46 silly install resolved     _from: 'live-server@*',
46 silly install resolved     _npmVersion: '1.4.21',
46 silly install resolved     _npmUser: { name: 'tapio', email: 'tapiovierros@gmail.com' },
46 silly install resolved     maintainers: [ [Object] ],
46 silly install resolved     dist:
46 silly install resolved      { shasum: 'a85d972cf69d3244355b9d5aefe8ff2af0127d7f',
46 silly install resolved        tarball: 'http://registry.npmjs.org/live-server/-/live-server-0.9.0.tgz' },
46 silly install resolved     directories: {},
46 silly install resolved     _resolved: 'https://registry.npmjs.org/live-server/-/live-server-0.9.0.tgz' } ]
47 info install live-server@0.9.0 into /usr/local/lib
48 info installOne live-server@0.9.0
49 verbose installOne of live-server to /usr/local/lib not in flight; installing
50 verbose lock using /People/yvesb/.npm/_locks/live-server-1932c27c2adeb129.lock for /usr/local/lib/node_modules/live-server
51 silly install write writing live-server 0.9.0 to /usr/local/lib/node_modules/live-server
52 verbose unbuild lib/node_modules/live-server
53 silly gentlyRm /usr/local/lib/node_modules/live-server is being purged from base /usr/local
54 verbose gentlyRm don't care about contents; nuking /usr/local/lib/node_modules/live-server
55 verbose tar unpack /People/yvesb/.npm/live-server/0.9.0/package.tgz
56 verbose tar unpacking to /usr/local/lib/node_modules/live-server
57 silly gentlyRm /usr/local/lib/node_modules/live-server is being purged
58 verbose gentlyRm don't care about contents; nuking /usr/local/lib/node_modules/live-server
59 silly gunzTarPerm modes [ '755', '644' ]
60 error tar.unpack untar error /People/yvesb/.npm/live-server/0.9.0/package.tgz
61 verbose unlock done using /People/yvesb/.npm/_locks/live-server-1932c27c2adeb129.lock for /usr/local/lib/node_modules/live-server
62 verbose fstream_path /usr/local/lib/node_modules/live-server
63 verbose fstream_type Directory
64 verbose fstream_class DirWriter
65 verbose stack Error: EACCES: permission denied, mkdir '/usr/local/lib/node_modules/live-server'
65 verbose stack     at Error (native)
66 verbose fstream_stack /usr/local/lib/node_modules/npm/node_modules/fstream/lib/dir-writer.js:35:25
66 verbose fstream_stack /usr/local/lib/node_modules/npm/node_modules/mkdirp/index.js:47:53
66 verbose fstream_stack FSReqWrap.oncomplete (fs.js:82:15)
67 verbose cwd /People/yvesb/Documents/timeliner/material-start
68 error Darwin 14.5.0
69 error argv "/usr/local/bin/node" "/usr/local/bin/npm" "install" "-g" "live-server"
70 error node v4.2.3
71 error npm  v2.14.7
72 error path /usr/local/lib/node_modules/live-server
73 error code EACCES
74 error errno -13
75 error syscall mkdir
76 error Error: EACCES: permission denied, mkdir '/usr/local/lib/node_modules/live-server'
76 error     at Error (native)
76 error  { [Error: EACCES: permission denied, mkdir '/usr/local/lib/node_modules/live-server']
76 error   errno: -13,
76 error   code: 'EACCES',
76 error   syscall: 'mkdir',
76 error   path: '/usr/local/lib/node_modules/live-server',
76 error   fstream_type: 'Directory',
76 error   fstream_path: '/usr/local/lib/node_modules/live-server',
76 error   fstream_class: 'DirWriter',
76 error   fstream_stack:
76 error    [ '/usr/local/lib/node_modules/npm/node_modules/fstream/lib/dir-writer.js:35:25',
76 error      '/usr/local/lib/node_modules/npm/node_modules/mkdirp/index.js:47:53',
76 error      'FSReqWrap.oncomplete (fs.js:82:15)' ] }
77 error Please try running this command again as root/Administrator.
78 verbose exit [ -13, true ]
79 verbose unbuild lib/node_modules/live-server
80 silly gentlyRm /usr/local/lib/node_modules/live-server is being purged from base /usr/local
81 verbose gentlyRm don't care about contents; nuking /usr/local/lib/node_modules/live-server
